<?xml version="1.0" encoding="UTF-8"?>
<!-- Generated by org.testng.reporters.JUnitXMLReporter -->
<testsuite hostname="Home-ПК" name="Test2" tests="16" failures="2" timestamp="4 Jul 2016 14:51:39 GMT" time="214.096" errors="0">
  <testcase name="DeleteWithoutCheking" time="13.827" classname="com.softserve.edu.DeleteFunction"/>
  <testcase name="DeleteWithoutCheking" time="7.116" classname="com.softserve.edu.DeleteFunction"/>
  <testcase name="DeleteDismiss" time="10.335" classname="com.softserve.edu.DeleteFunction"/>
  <testcase name="DeleteDismiss" time="5.9" classname="com.softserve.edu.DeleteFunction"/>
  <testcase name="DeleteAccept" time="11.229" classname="com.softserve.edu.DeleteFunction"/>
  <testcase name="DeleteAccept" time="6.803" classname="com.softserve.edu.DeleteFunction"/>
  <testcase name="DeleteSomeAccept" time="32.251" classname="com.softserve.edu.DeleteFunction">
    <failure type="java.lang.AssertionError" message="expected [true] but found [false]">
      <![CDATA[java.lang.AssertionError: expected [true] but found [false]
	at com.softserve.edu.DeleteFunction.DeleteSomeAccept(DeleteFunction.java:170)
... Removed 28 stack frames]]>
    </failure>
  </testcase> <!-- DeleteSomeAccept -->
  <testcase name="DeleteSomeAccept" time="27.746" classname="com.softserve.edu.DeleteFunction">
    <failure type="java.lang.AssertionError" message="expected [true] but found [false]">
      <![CDATA[java.lang.AssertionError: expected [true] but found [false]
	at com.softserve.edu.DeleteFunction.DeleteSomeAccept(DeleteFunction.java:170)
... Removed 28 stack frames]]>
    </failure>
  </testcase> <!-- DeleteSomeAccept -->
  <testcase name="DeleteWithoutCheking" time="12.858" classname="com.softserve.edu.DeleteFunctionV1"/>
  <testcase name="DeleteWithoutCheking" time="7.432" classname="com.softserve.edu.DeleteFunctionV1"/>
  <testcase name="DeleteDismiss" time="16.46" classname="com.softserve.edu.DeleteFunctionV1"/>
  <testcase name="DeleteDismiss" time="8.105" classname="com.softserve.edu.DeleteFunctionV1"/>
  <testcase name="DeleteAccept" time="13.148" classname="com.softserve.edu.DeleteFunctionV1"/>
  <testcase name="DeleteAccept" time="8.766" classname="com.softserve.edu.DeleteFunctionV1"/>
  <testcase name="DeleteSomeAccept" time="18.316" classname="com.softserve.edu.DeleteFunctionV1"/>
  <testcase name="DeleteSomeAccept" time="13.704" classname="com.softserve.edu.DeleteFunctionV1"/>
</testsuite> <!-- Test2 -->
