<?xml version="1.0" encoding="UTF-8"?>
<!-- Generated by org.testng.reporters.JUnitXMLReporter -->
<testsuite hostname="Home-ПК" name="Default test" tests="8" failures="0" timestamp="3 Jul 2016 21:17:03 GMT" time="88.951" errors="0">
  <testcase name="DeleteAccept" time="16.322" classname="yaryna.com.DeleteFunctionV1"/>
  <testcase name="DeleteAccept" time="7.467" classname="yaryna.com.DeleteFunctionV1"/>
  <testcase name="DeleteDismiss" time="11.503" classname="yaryna.com.DeleteFunctionV1"/>
  <testcase name="DeleteDismiss" time="6.814" classname="yaryna.com.DeleteFunctionV1"/>
  <testcase name="DeleteSomeAccept" time="17.294" classname="yaryna.com.DeleteFunctionV1"/>
  <testcase name="DeleteSomeAccept" time="12.757" classname="yaryna.com.DeleteFunctionV1"/>
  <testcase name="DeleteWithoutCheking" time="10.532" classname="yaryna.com.DeleteFunctionV1"/>
  <testcase name="DeleteWithoutCheking" time="6.204" classname="yaryna.com.DeleteFunctionV1"/>
</testsuite> <!-- Default test -->
